clang version 22.0.0git
Target: aarch64-buildroot-linux-gnu
Thread model: posix
InstalledDir: /home/oldzhu/buildroot/output/build/host-lldb-origin_main/llvm/buildroot-build/bin
 (in-process)
 "/home/oldzhu/buildroot/output/build/host-lldb-origin_main/llvm/buildroot-build/bin/clang-22" -cc1 -triple aarch64-buildroot-linux-gnu -E -disable-free -clear-ast-before-backend -disable-llvm-verifier -discard-value-names -main-file-name enum_test.cpp -mrelocation-model pic -pic-level 2 -pic-is-pie -mframe-pointer=non-leaf -fmath-errno -ffp-contract=on -fno-rounding-math -mconstructor-aliases -funwind-tables=2 -enable-tlsdesc -target-cpu generic -target-feature +v8a -target-feature +fp-armv8 -target-feature +neon -target-abi aapcs -debugger-tuning=gdb -fdebug-compilation-dir=/home/oldzhu/daily-notes/2025-08-19/enum_test -v -fcoverage-compilation-dir=/home/oldzhu/daily-notes/2025-08-19/enum_test -resource-dir /home/oldzhu/buildroot/output/build/host-lldb-origin_main/llvm/buildroot-build/lib/clang/22 -isysroot /home/oldzhu/buildroot/output/host/aarch64-buildroot-linux-gnu/sysroot -internal-isystem /home/oldzhu/buildroot/output/build/host-lldb-origin_main/llvm/buildroot-build/lib/clang/22/include -internal-isystem /home/oldzhu/buildroot/output/host/aarch64-buildroot-linux-gnu/sysroot/usr/local/include -internal-externc-isystem /home/oldzhu/buildroot/output/host/aarch64-buildroot-linux-gnu/sysroot/include -internal-externc-isystem /home/oldzhu/buildroot/output/host/aarch64-buildroot-linux-gnu/sysroot/usr/include -ferror-limit 19 -fno-signed-char -fgnuc-version=4.2.1 -fskip-odr-check-in-gmf -target-feature -fmv -faddrsig -D__GCC_HAVE_DWARF2_CFI_ASM=1 -o - -x c enum_test.cpp
clang -cc1 version 22.0.0git based upon LLVM 22.0.0git default target x86_64-buildroot-linux-gnu
ignoring nonexistent directory "/home/oldzhu/buildroot/output/host/aarch64-buildroot-linux-gnu/sysroot/include"
#include "..." search starts here:
#include <...> search starts here:
 /home/oldzhu/buildroot/output/build/host-lldb-origin_main/llvm/buildroot-build/lib/clang/22/include
 /home/oldzhu/buildroot/output/host/aarch64-buildroot-linux-gnu/sysroot/usr/local/include
 /home/oldzhu/buildroot/output/host/aarch64-buildroot-linux-gnu/sysroot/usr/include
End of search list.
# 1 "enum_test.cpp"
# 1 "<built-in>" 1
# 1 "<built-in>" 3
# 423 "<built-in>" 3
# 1 "<command line>" 1
# 1 "<built-in>" 2
# 1 "enum_test.cpp" 2
typedef
enum CorDebugUserState
    {
        USER_STOP_REQUESTED = 0x1,
        USER_SUSPEND_REQUESTED = 0x2,
        USER_BACKGROUND = 0x4,
        USER_UNSTARTED = 0x8,
        USER_STOPPED = 0x10,
        USER_WAIT_SLEEP_JOIN = 0x20,
        USER_SUSPENDED = 0x40,
        USER_UNSAFE_POINT = 0x80,
        USER_THREADPOOL = 0x100
    } CorDebugUserState;

class testcls
{
static const CorDebugUserState kInvalidUserState = CorDebugUserState(-1);
};
enum_test.cpp:17:32: error: in-class initializer for static data member is not a constant expression
   17 | static const CorDebugUserState kInvalidUserState = CorDebugUserState(-1);
      |                                ^                   ~~~~~~~~~~~~~~~~~~~~~
enum_test.cpp:17:52: note: integer value -1 is outside the valid range of values [0, 511] for the enumeration type 'CorDebugUserState'
   17 | static const CorDebugUserState kInvalidUserState = CorDebugUserState(-1);
      |                                                    ^
1 error generated.
clang version 22.0.0git
Target: aarch64-buildroot-linux-gnu
Thread model: posix
InstalledDir: /home/oldzhu/buildroot/output/build/host-lldb-origin_main/llvm/buildroot-build/bin
 (in-process)
 "/home/oldzhu/buildroot/output/build/host-lldb-origin_main/llvm/buildroot-build/bin/clang-22" -cc1 -triple aarch64-buildroot-linux-gnu -emit-obj -disable-free -clear-ast-before-backend -disable-llvm-verifier -discard-value-names -main-file-name enum_test.cpp -mrelocation-model pic -pic-level 2 -pic-is-pie -mframe-pointer=non-leaf -fmath-errno -ffp-contract=on -fno-rounding-math -mconstructor-aliases -funwind-tables=2 -enable-tlsdesc -target-cpu generic -target-feature +v8a -target-feature +fp-armv8 -target-feature +neon -target-abi aapcs -debugger-tuning=gdb -fdebug-compilation-dir=/home/oldzhu/daily-notes/2025-08-19/enum_test -v -H -sys-header-deps -fcoverage-compilation-dir=/home/oldzhu/daily-notes/2025-08-19/enum_test -resource-dir /home/oldzhu/buildroot/output/build/host-lldb-origin_main/llvm/buildroot-build/lib/clang/22 -isysroot /home/oldzhu/buildroot/output/host/aarch64-buildroot-linux-gnu/sysroot -internal-isystem /home/oldzhu/buildroot/output/build/host-lldb-origin_main/llvm/buildroot-build/lib/clang/22/include -internal-isystem /home/oldzhu/buildroot/output/host/aarch64-buildroot-linux-gnu/sysroot/usr/local/include -internal-externc-isystem /home/oldzhu/buildroot/output/host/aarch64-buildroot-linux-gnu/sysroot/include -internal-externc-isystem /home/oldzhu/buildroot/output/host/aarch64-buildroot-linux-gnu/sysroot/usr/include -fdeprecated-macro -ferror-limit 19 -fno-signed-char -fgnuc-version=4.2.1 -fskip-odr-check-in-gmf -fcxx-exceptions -fexceptions -target-feature -fmv -faddrsig -D__GCC_HAVE_DWARF2_CFI_ASM=1 -o enum_test.o -x c++ enum_test.cpp
clang -cc1 version 22.0.0git based upon LLVM 22.0.0git default target x86_64-buildroot-linux-gnu
ignoring nonexistent directory "/home/oldzhu/buildroot/output/host/aarch64-buildroot-linux-gnu/sysroot/include"
#include "..." search starts here:
#include <...> search starts here:
 /home/oldzhu/buildroot/output/build/host-lldb-origin_main/llvm/buildroot-build/lib/clang/22/include
 /home/oldzhu/buildroot/output/host/aarch64-buildroot-linux-gnu/sysroot/usr/local/include
 /home/oldzhu/buildroot/output/host/aarch64-buildroot-linux-gnu/sysroot/usr/include
End of search list.
enum_test.cpp:17:32: error: in-class initializer for static data member is not a constant expression
   17 | static const CorDebugUserState kInvalidUserState = CorDebugUserState(-1);
      |                                ^                   ~~~~~~~~~~~~~~~~~~~~~
enum_test.cpp:17:52: note: integer value -1 is outside the valid range of values [0, 511] for the enumeration type 'CorDebugUserState'
   17 | static const CorDebugUserState kInvalidUserState = CorDebugUserState(-1);
      |                                                    ^
1 error generated.
